2022-12-08 15:15:32.320  INFO 20044 --- [restartedMain] com.deloite.blog.BlogAppApisApplication  : Starting BlogAppApisApplication using Java 17.0.4.1 on USBLRSHIVNASHA1 with PID 20044 (C:\Users\shivnasharma\Desktop\Spring-project\blog-app-apis\target\classes started by shivnasharma in C:\Users\shivnasharma\Desktop\Spring-project\blog-app-apis)
2022-12-08 15:15:32.331  INFO 20044 --- [restartedMain] com.deloite.blog.BlogAppApisApplication  : The following 1 profile is active: "dev"
2022-12-08 15:15:32.383  INFO 20044 --- [restartedMain] .e.DevToolsPropertyDefaultsPostProcessor : Devtools property defaults active! Set 'spring.devtools.add-properties' to 'false' to disable
2022-12-08 15:15:32.383  INFO 20044 --- [restartedMain] .e.DevToolsPropertyDefaultsPostProcessor : For additional web related logging consider setting the 'logging.level.web' property to 'DEBUG'
2022-12-08 15:15:33.614  INFO 20044 --- [restartedMain] .s.d.r.c.RepositoryConfigurationDelegate : Bootstrapping Spring Data JPA repositories in DEFAULT mode.
2022-12-08 15:15:33.735  INFO 20044 --- [restartedMain] .s.d.r.c.RepositoryConfigurationDelegate : Finished Spring Data repository scanning in 104 ms. Found 5 JPA repository interfaces.
2022-12-08 15:15:35.276  INFO 20044 --- [restartedMain] o.s.b.w.embedded.tomcat.TomcatWebServer  : Tomcat initialized with port(s): 9092 (http)
2022-12-08 15:15:35.296  INFO 20044 --- [restartedMain] o.apache.catalina.core.StandardService   : Starting service [Tomcat]
2022-12-08 15:15:35.298  INFO 20044 --- [restartedMain] org.apache.catalina.core.StandardEngine  : Starting Servlet engine: [Apache Tomcat/9.0.69]
2022-12-08 15:15:35.466  INFO 20044 --- [restartedMain] o.a.c.c.C.[Tomcat].[localhost].[/]       : Initializing Spring embedded WebApplicationContext
2022-12-08 15:15:35.467  INFO 20044 --- [restartedMain] w.s.c.ServletWebServerApplicationContext : Root WebApplicationContext: initialization completed in 3084 ms
2022-12-08 15:15:35.849  INFO 20044 --- [restartedMain] o.hibernate.jpa.internal.util.LogHelper  : HHH000204: Processing PersistenceUnitInfo [name: default]
2022-12-08 15:15:35.914  INFO 20044 --- [restartedMain] org.hibernate.Version                    : HHH000412: Hibernate ORM core version 5.6.14.Final
2022-12-08 15:15:36.105  INFO 20044 --- [restartedMain] o.hibernate.annotations.common.Version   : HCANN000001: Hibernate Commons Annotations {5.1.2.Final}
2022-12-08 15:15:36.248  INFO 20044 --- [restartedMain] com.zaxxer.hikari.HikariDataSource       : HikariPool-1 - Starting...
2022-12-08 15:15:36.809  INFO 20044 --- [restartedMain] com.zaxxer.hikari.HikariDataSource       : HikariPool-1 - Start completed.
2022-12-08 15:15:36.841  INFO 20044 --- [restartedMain] org.hibernate.dialect.Dialect            : HHH000400: Using dialect: org.hibernate.dialect.MySQL8Dialect
2022-12-08 15:15:38.150  INFO 20044 --- [restartedMain] o.h.e.t.j.p.i.JtaPlatformInitiator       : HHH000490: Using JtaPlatform implementation: [org.hibernate.engine.transaction.jta.platform.internal.NoJtaPlatform]
2022-12-08 15:15:38.165  INFO 20044 --- [restartedMain] j.LocalContainerEntityManagerFactoryBean : Initialized JPA EntityManagerFactory for persistence unit 'default'
2022-12-08 15:15:39.148 DEBUG 20044 --- [restartedMain] .PrePostAnnotationSecurityMetadataSource : @org.springframework.security.access.prepost.PreAuthorize("hasRole(\'ADMIN\')") found on specific method: public org.springframework.http.ResponseEntity com.deloite.blog.controllers.UserController.deleteUser(java.lang.Integer)
2022-12-08 15:15:39.186 DEBUG 20044 --- [restartedMain] m.DelegatingMethodSecurityMetadataSource : Caching method [CacheKey[com.deloite.blog.controllers.UserController; public org.springframework.http.ResponseEntity com.deloite.blog.controllers.UserController.deleteUser(java.lang.Integer)]] with attributes [[authorize: 'hasRole('ADMIN')', filter: 'null', filterTarget: 'null']]
2022-12-08 15:15:39.543  WARN 20044 --- [restartedMain] JpaBaseConfiguration$JpaWebConfiguration : spring.jpa.open-in-view is enabled by default. Therefore, database queries may be performed during view rendering. Explicitly configure spring.jpa.open-in-view to disable this warning
2022-12-08 15:15:39.956  INFO 20044 --- [restartedMain] o.s.s.web.DefaultSecurityFilterChain     : Will secure any request with [org.springframework.security.web.session.DisableEncodeUrlFilter@2a67766, org.springframework.security.web.context.request.async.WebAsyncManagerIntegrationFilter@653a90f9, org.springframework.security.web.context.SecurityContextPersistenceFilter@4a37e213, org.springframework.security.web.header.HeaderWriterFilter@22c4f4b8, org.springframework.security.web.authentication.logout.LogoutFilter@2dbfd03, com.deloite.blog.security.JwtAuthenticationFilter@70eae3d6, org.springframework.security.web.savedrequest.RequestCacheAwareFilter@18c3764a, org.springframework.security.web.servletapi.SecurityContextHolderAwareRequestFilter@532d1182, org.springframework.security.web.authentication.AnonymousAuthenticationFilter@4c762ad6, org.springframework.security.web.session.SessionManagementFilter@31145498, org.springframework.security.web.access.ExceptionTranslationFilter@20ebb43e, org.springframework.security.web.access.intercept.AuthorizationFilter@75bb8bdb]
2022-12-08 15:15:40.201  INFO 20044 --- [restartedMain] o.s.b.d.a.OptionalLiveReloadServer       : LiveReload server is running on port 35729
2022-12-08 15:15:40.894  INFO 20044 --- [restartedMain] o.s.b.w.embedded.tomcat.TomcatWebServer  : Tomcat started on port(s): 9092 (http) with context path ''
2022-12-08 15:15:41.392  INFO 20044 --- [restartedMain] com.deloite.blog.BlogAppApisApplication  : Started BlogAppApisApplication in 9.782 seconds (JVM running for 11.138)
2022-12-08 15:16:03.244  INFO 20044 --- [http-nio-9092-exec-2] o.a.c.c.C.[Tomcat].[localhost].[/]       : Initializing Spring DispatcherServlet 'dispatcherServlet'
2022-12-08 15:16:03.245  INFO 20044 --- [http-nio-9092-exec-2] o.s.web.servlet.DispatcherServlet        : Initializing Servlet 'dispatcherServlet'
2022-12-08 15:16:03.250  INFO 20044 --- [http-nio-9092-exec-2] o.s.web.servlet.DispatcherServlet        : Completed initialization in 5 ms
2022-12-08 15:16:03.287 DEBUG 20044 --- [http-nio-9092-exec-2] o.s.security.web.FilterChainProxy        : Securing POST /api/categories/
2022-12-08 15:16:03.305 DEBUG 20044 --- [http-nio-9092-exec-2] s.s.w.c.SecurityContextPersistenceFilter : Set SecurityContextHolder to empty SecurityContext
2022-12-08 15:16:03.322 DEBUG 20044 --- [http-nio-9092-exec-2] o.s.s.w.a.AnonymousAuthenticationFilter  : Set SecurityContextHolder to anonymous SecurityContext
2022-12-08 15:16:03.333 DEBUG 20044 --- [http-nio-9092-exec-2] s.s.w.c.SecurityContextPersistenceFilter : Cleared SecurityContextHolder to complete request
2022-12-08 15:16:03.344 DEBUG 20044 --- [http-nio-9092-exec-2] o.s.security.web.FilterChainProxy        : Securing POST /error
2022-12-08 15:16:03.345 DEBUG 20044 --- [http-nio-9092-exec-2] s.s.w.c.SecurityContextPersistenceFilter : Set SecurityContextHolder to empty SecurityContext
2022-12-08 15:16:03.345 DEBUG 20044 --- [http-nio-9092-exec-2] o.s.s.w.a.AnonymousAuthenticationFilter  : Set SecurityContextHolder to anonymous SecurityContext
2022-12-08 15:16:03.347 DEBUG 20044 --- [http-nio-9092-exec-2] o.s.security.web.FilterChainProxy        : Secured POST /error
2022-12-08 15:16:03.539 DEBUG 20044 --- [http-nio-9092-exec-2] s.s.w.c.SecurityContextPersistenceFilter : Cleared SecurityContextHolder to complete request
2022-12-08 15:16:54.349 DEBUG 20044 --- [http-nio-9092-exec-3] o.s.security.web.FilterChainProxy        : Securing GET /api/users/
2022-12-08 15:16:54.350 DEBUG 20044 --- [http-nio-9092-exec-3] s.s.w.c.SecurityContextPersistenceFilter : Set SecurityContextHolder to empty SecurityContext
2022-12-08 15:16:54.351 DEBUG 20044 --- [http-nio-9092-exec-3] o.s.s.w.a.AnonymousAuthenticationFilter  : Set SecurityContextHolder to anonymous SecurityContext
2022-12-08 15:16:54.353 DEBUG 20044 --- [http-nio-9092-exec-3] o.s.security.web.FilterChainProxy        : Secured GET /api/users/
2022-12-08 15:16:54.367 ERROR 20044 --- [http-nio-9092-exec-3] c.d.blog.controllers.UserController      : Inside Error
2022-12-08 15:16:54.368  WARN 20044 --- [http-nio-9092-exec-3] c.d.blog.controllers.UserController      : Inside Warning
2022-12-08 15:16:54.369  INFO 20044 --- [http-nio-9092-exec-3] c.d.blog.controllers.UserController      : Get All Users
2022-12-08 15:16:54.870  INFO 20044 --- [http-nio-9092-exec-3] c.d.blog.controllers.UserController      : ResponseEntity=[UserDto(id=5, name=Mahesh kumar, email=mahesh@gmail.com, password=mahesh_1, about=I am tester, roles=[]), UserDto(id=6, name=Akhil, email=akhil@gmail.com, password=akhil_123, about=I am Programmer, roles=[]), UserDto(id=7, name=mohan, email=mohan@gmail.com, password=$2a$10$dR2bkxm7BbSiIufPZyplmOZNpWyncGGLnVTBqjKysUXES4Nd69f56, about=I am Programmer, roles=[]), UserDto(id=8, name=nikita, email=nikita@gmail.com, password=$2a$10$dR2bkxm7BbSiIufPZyplmOZNpWyncGGLnVTBqjKysUXES4Nd69f56, about=I am UI Designer, roles=[RoleDto(id=501, name=ROLE_ADMIN)]), UserDto(id=9, name=Manish, email=manish@gmail.com, password=mnsh@9876, about=I am Web Developer, roles=[]), UserDto(id=10, name=, email=madhav.in, password=, about=I am Web Developer, roles=[]), UserDto(id=11, name=, email=manish@gmail.com, password=, about=I am Web Developer, roles=[]), UserDto(id=12, name=, email=manish@gmail.com, password=, about=I am Web Developer, roles=[]), UserDto(id=13, name=, email=manish@gmail.com, password=, about=I am Web Developer, roles=[]), UserDto(id=14, name=, email=manish@gmail.com, password=, about=I am Web Developer, roles=[]), UserDto(id=17, name=, email=manish@gmai, password=, about=, roles=[]), UserDto(id=18, name=, email=manish@gmai, password=, about=, roles=[]), UserDto(id=19, name=, email=manish@gmai, password=, about=, roles=[]), UserDto(id=20, name=, email=manish@gmai, password=, about=, roles=[]), UserDto(id=21, name=sddd, email=manish@gmai, password=asak, about=ksdlkm, roles=[]), UserDto(id=22, name=sddd, email=manish@mai, password=asak, about=ksdlkm, roles=[]), UserDto(id=23, name=Hari, email=Hari@gmail.com, password=hari@3456, about=I am not Coder, roles=[]), UserDto(id=24, name=Krishna, email=krishna@yahoo.com, password=$2a$10$FTttTM4RARbvP2YQ9lu6JOWDvJQbltcjH2/xOB.CiHuw6xfD/I8K6, about=i am new developer, roles=[]), UserDto(id=25, name=Krishna, email=krishna@yahoo.com, password=$2a$10$7dYjuIyw.q3iaNOxy8EhjuHMPcstyR02GAJ.sJ2s5b67kJnbptcMq, about=i am new developer, roles=[])]
2022-12-08 15:16:54.932 DEBUG 20044 --- [http-nio-9092-exec-3] s.s.w.c.SecurityContextPersistenceFilter : Cleared SecurityContextHolder to complete request
2022-12-08 15:18:34.632  INFO 20044 --- [File Watcher] rtingClassPathChangeChangedEventListener : Restarting due to 1 class path change (0 additions, 0 deletions, 1 modification)
2022-12-08 15:18:34.671  INFO 20044 --- [Thread-4] o.apache.catalina.core.StandardService   : Stopping service [Tomcat]
2022-12-08 15:18:34.674  INFO 20044 --- [Thread-4] o.a.c.c.C.[Tomcat].[localhost].[/]       : Destroying Spring FrameworkServlet 'dispatcherServlet'
2022-12-08 15:18:34.680  WARN 20044 --- [Thread-4] o.a.c.loader.WebappClassLoaderBase       : The web application [ROOT] appears to have started a thread named [HikariPool-1 housekeeper] but has failed to stop it. This is very likely to create a memory leak. Stack trace of thread:
 java.base@17.0.4.1/jdk.internal.misc.Unsafe.park(Native Method)
 java.base@17.0.4.1/java.util.concurrent.locks.LockSupport.parkNanos(LockSupport.java:252)
 java.base@17.0.4.1/java.util.concurrent.locks.AbstractQueuedSynchronizer$ConditionObject.awaitNanos(AbstractQueuedSynchronizer.java:1672)
 java.base@17.0.4.1/java.util.concurrent.ScheduledThreadPoolExecutor$DelayedWorkQueue.take(ScheduledThreadPoolExecutor.java:1182)
 java.base@17.0.4.1/java.util.concurrent.ScheduledThreadPoolExecutor$DelayedWorkQueue.take(ScheduledThreadPoolExecutor.java:899)
 java.base@17.0.4.1/java.util.concurrent.ThreadPoolExecutor.getTask(ThreadPoolExecutor.java:1062)
 java.base@17.0.4.1/java.util.concurrent.ThreadPoolExecutor.runWorker(ThreadPoolExecutor.java:1122)
 java.base@17.0.4.1/java.util.concurrent.ThreadPoolExecutor$Worker.run(ThreadPoolExecutor.java:635)
 java.base@17.0.4.1/java.lang.Thread.run(Thread.java:833)
2022-12-08 15:18:34.701  INFO 20044 --- [Thread-4] j.LocalContainerEntityManagerFactoryBean : Closing JPA EntityManagerFactory for persistence unit 'default'
2022-12-08 15:18:34.708  INFO 20044 --- [Thread-4] com.zaxxer.hikari.HikariDataSource       : HikariPool-1 - Shutdown initiated...
2022-12-08 15:18:34.757  INFO 20044 --- [Thread-4] com.zaxxer.hikari.HikariDataSource       : HikariPool-1 - Shutdown completed.
2022-12-08 15:18:34.866  INFO 20044 --- [restartedMain] com.deloite.blog.BlogAppApisApplication  : Starting BlogAppApisApplication using Java 17.0.4.1 on USBLRSHIVNASHA1 with PID 20044 (C:\Users\shivnasharma\Desktop\Spring-project\blog-app-apis\target\classes started by shivnasharma in C:\Users\shivnasharma\Desktop\Spring-project\blog-app-apis)
2022-12-08 15:18:34.866  INFO 20044 --- [restartedMain] com.deloite.blog.BlogAppApisApplication  : The following 1 profile is active: "dev"
2022-12-08 15:18:35.243  INFO 20044 --- [restartedMain] .s.d.r.c.RepositoryConfigurationDelegate : Bootstrapping Spring Data JPA repositories in DEFAULT mode.
2022-12-08 15:18:35.320  INFO 20044 --- [restartedMain] .s.d.r.c.RepositoryConfigurationDelegate : Finished Spring Data repository scanning in 76 ms. Found 5 JPA repository interfaces.
2022-12-08 15:18:35.550  INFO 20044 --- [restartedMain] o.s.b.w.embedded.tomcat.TomcatWebServer  : Tomcat initialized with port(s): 9092 (http)
2022-12-08 15:18:35.551  INFO 20044 --- [restartedMain] o.apache.catalina.core.StandardService   : Starting service [Tomcat]
2022-12-08 15:18:35.552  INFO 20044 --- [restartedMain] org.apache.catalina.core.StandardEngine  : Starting Servlet engine: [Apache Tomcat/9.0.69]
2022-12-08 15:18:35.614  INFO 20044 --- [restartedMain] o.a.c.c.C.[Tomcat].[localhost].[/]       : Initializing Spring embedded WebApplicationContext
2022-12-08 15:18:35.615  INFO 20044 --- [restartedMain] w.s.c.ServletWebServerApplicationContext : Root WebApplicationContext: initialization completed in 747 ms
2022-12-08 15:18:35.743  INFO 20044 --- [restartedMain] o.hibernate.jpa.internal.util.LogHelper  : HHH000204: Processing PersistenceUnitInfo [name: default]
2022-12-08 15:18:35.756  INFO 20044 --- [restartedMain] com.zaxxer.hikari.HikariDataSource       : HikariPool-2 - Starting...
2022-12-08 15:18:35.787  INFO 20044 --- [restartedMain] com.zaxxer.hikari.HikariDataSource       : HikariPool-2 - Start completed.
2022-12-08 15:18:35.789  INFO 20044 --- [restartedMain] org.hibernate.dialect.Dialect            : HHH000400: Using dialect: org.hibernate.dialect.MySQL8Dialect
2022-12-08 15:18:36.043  INFO 20044 --- [restartedMain] o.h.e.t.j.p.i.JtaPlatformInitiator       : HHH000490: Using JtaPlatform implementation: [org.hibernate.engine.transaction.jta.platform.internal.NoJtaPlatform]
2022-12-08 15:18:36.043  INFO 20044 --- [restartedMain] j.LocalContainerEntityManagerFactoryBean : Initialized JPA EntityManagerFactory for persistence unit 'default'
2022-12-08 15:18:36.610 DEBUG 20044 --- [restartedMain] .PrePostAnnotationSecurityMetadataSource : @org.springframework.security.access.prepost.PreAuthorize("hasRole(\'ADMIN\')") found on specific method: public org.springframework.http.ResponseEntity com.deloite.blog.controllers.UserController.deleteUser(java.lang.Integer)
2022-12-08 15:18:36.611 DEBUG 20044 --- [restartedMain] m.DelegatingMethodSecurityMetadataSource : Caching method [CacheKey[com.deloite.blog.controllers.UserController; public org.springframework.http.ResponseEntity com.deloite.blog.controllers.UserController.deleteUser(java.lang.Integer)]] with attributes [[authorize: 'hasRole('ADMIN')', filter: 'null', filterTarget: 'null']]
2022-12-08 15:18:36.792  WARN 20044 --- [restartedMain] JpaBaseConfiguration$JpaWebConfiguration : spring.jpa.open-in-view is enabled by default. Therefore, database queries may be performed during view rendering. Explicitly configure spring.jpa.open-in-view to disable this warning
2022-12-08 15:18:36.976  INFO 20044 --- [restartedMain] o.s.s.web.DefaultSecurityFilterChain     : Will secure any request with [org.springframework.security.web.session.DisableEncodeUrlFilter@54666e5d, org.springframework.security.web.context.request.async.WebAsyncManagerIntegrationFilter@6a443450, org.springframework.security.web.context.SecurityContextPersistenceFilter@2fbae06, org.springframework.security.web.header.HeaderWriterFilter@4d794230, org.springframework.security.web.authentication.logout.LogoutFilter@6f3a24cd, com.deloite.blog.security.JwtAuthenticationFilter@509ee355, org.springframework.security.web.savedrequest.RequestCacheAwareFilter@be23b35, org.springframework.security.web.servletapi.SecurityContextHolderAwareRequestFilter@c8d90bb, org.springframework.security.web.authentication.AnonymousAuthenticationFilter@43fa5f65, org.springframework.security.web.session.SessionManagementFilter@557310b, org.springframework.security.web.access.ExceptionTranslationFilter@577bdd79, org.springframework.security.web.access.intercept.AuthorizationFilter@1573cfdc]
2022-12-08 15:18:37.093  INFO 20044 --- [restartedMain] o.s.b.d.a.OptionalLiveReloadServer       : LiveReload server is running on port 35729
2022-12-08 15:18:37.426  INFO 20044 --- [restartedMain] o.s.b.w.embedded.tomcat.TomcatWebServer  : Tomcat started on port(s): 9092 (http) with context path ''
2022-12-08 15:18:37.717  INFO 20044 --- [restartedMain] com.deloite.blog.BlogAppApisApplication  : Started BlogAppApisApplication in 2.883 seconds (JVM running for 187.464)
2022-12-08 15:18:37.927  INFO 20044 --- [restartedMain] .ConditionEvaluationDeltaLoggingListener : Condition evaluation unchanged
2022-12-08 15:18:40.693  INFO 20044 --- [http-nio-9092-exec-2] o.a.c.c.C.[Tomcat].[localhost].[/]       : Initializing Spring DispatcherServlet 'dispatcherServlet'
2022-12-08 15:18:40.694  INFO 20044 --- [http-nio-9092-exec-2] o.s.web.servlet.DispatcherServlet        : Initializing Servlet 'dispatcherServlet'
2022-12-08 15:18:40.696  INFO 20044 --- [http-nio-9092-exec-2] o.s.web.servlet.DispatcherServlet        : Completed initialization in 1 ms
2022-12-08 15:18:40.698 DEBUG 20044 --- [http-nio-9092-exec-2] o.s.security.web.FilterChainProxy        : Securing GET /api/users/
2022-12-08 15:18:40.698 DEBUG 20044 --- [http-nio-9092-exec-2] s.s.w.c.SecurityContextPersistenceFilter : Set SecurityContextHolder to empty SecurityContext
2022-12-08 15:18:40.700 DEBUG 20044 --- [http-nio-9092-exec-2] o.s.s.w.a.AnonymousAuthenticationFilter  : Set SecurityContextHolder to anonymous SecurityContext
2022-12-08 15:18:40.700 DEBUG 20044 --- [http-nio-9092-exec-2] o.s.security.web.FilterChainProxy        : Secured GET /api/users/
2022-12-08 15:18:40.708 ERROR 20044 --- [http-nio-9092-exec-2] c.d.blog.controllers.UserController      : Inside Error
2022-12-08 15:18:40.708  WARN 20044 --- [http-nio-9092-exec-2] c.d.blog.controllers.UserController      : Inside Warning
2022-12-08 15:18:40.709  INFO 20044 --- [http-nio-9092-exec-2] c.d.blog.controllers.UserController      : Get All Users
2022-12-08 15:18:40.751  INFO 20044 --- [http-nio-9092-exec-2] c.d.blog.controllers.UserController      : ResponseEntity=[UserDto(id=5, name=Mahesh kumar, email=mahesh@gmail.com, password=mahesh_1, about=I am tester, roles=[]), UserDto(id=6, name=Akhil, email=akhil@gmail.com, password=akhil_123, about=I am Programmer, roles=[]), UserDto(id=7, name=mohan, email=mohan@gmail.com, password=$2a$10$dR2bkxm7BbSiIufPZyplmOZNpWyncGGLnVTBqjKysUXES4Nd69f56, about=I am Programmer, roles=[]), UserDto(id=8, name=nikita, email=nikita@gmail.com, password=$2a$10$dR2bkxm7BbSiIufPZyplmOZNpWyncGGLnVTBqjKysUXES4Nd69f56, about=I am UI Designer, roles=[RoleDto(id=501, name=ROLE_ADMIN)]), UserDto(id=9, name=Manish, email=manish@gmail.com, password=mnsh@9876, about=I am Web Developer, roles=[]), UserDto(id=10, name=, email=madhav.in, password=, about=I am Web Developer, roles=[]), UserDto(id=11, name=, email=manish@gmail.com, password=, about=I am Web Developer, roles=[]), UserDto(id=12, name=, email=manish@gmail.com, password=, about=I am Web Developer, roles=[]), UserDto(id=13, name=, email=manish@gmail.com, password=, about=I am Web Developer, roles=[]), UserDto(id=14, name=, email=manish@gmail.com, password=, about=I am Web Developer, roles=[]), UserDto(id=17, name=, email=manish@gmai, password=, about=, roles=[]), UserDto(id=18, name=, email=manish@gmai, password=, about=, roles=[]), UserDto(id=19, name=, email=manish@gmai, password=, about=, roles=[]), UserDto(id=20, name=, email=manish@gmai, password=, about=, roles=[]), UserDto(id=21, name=sddd, email=manish@gmai, password=asak, about=ksdlkm, roles=[]), UserDto(id=22, name=sddd, email=manish@mai, password=asak, about=ksdlkm, roles=[]), UserDto(id=23, name=Hari, email=Hari@gmail.com, password=hari@3456, about=I am not Coder, roles=[]), UserDto(id=24, name=Krishna, email=krishna@yahoo.com, password=$2a$10$FTttTM4RARbvP2YQ9lu6JOWDvJQbltcjH2/xOB.CiHuw6xfD/I8K6, about=i am new developer, roles=[]), UserDto(id=25, name=Krishna, email=krishna@yahoo.com, password=$2a$10$7dYjuIyw.q3iaNOxy8EhjuHMPcstyR02GAJ.sJ2s5b67kJnbptcMq, about=i am new developer, roles=[])]
2022-12-08 15:18:40.766 DEBUG 20044 --- [http-nio-9092-exec-2] s.s.w.c.SecurityContextPersistenceFilter : Cleared SecurityContextHolder to complete request
2022-12-08 15:19:16.289  INFO 20044 --- [File Watcher] rtingClassPathChangeChangedEventListener : Restarting due to 1 class path change (0 additions, 0 deletions, 1 modification)
2022-12-08 15:19:16.320  INFO 20044 --- [Thread-7] o.apache.catalina.core.StandardService   : Stopping service [Tomcat]
2022-12-08 15:19:16.321  INFO 20044 --- [Thread-7] o.a.c.c.C.[Tomcat].[localhost].[/]       : Destroying Spring FrameworkServlet 'dispatcherServlet'
2022-12-08 15:19:16.325  WARN 20044 --- [Thread-7] o.a.c.loader.WebappClassLoaderBase       : The web application [ROOT] appears to have started a thread named [HikariPool-2 housekeeper] but has failed to stop it. This is very likely to create a memory leak. Stack trace of thread:
 java.base@17.0.4.1/jdk.internal.misc.Unsafe.park(Native Method)
 java.base@17.0.4.1/java.util.concurrent.locks.LockSupport.parkNanos(LockSupport.java:252)
 java.base@17.0.4.1/java.util.concurrent.locks.AbstractQueuedSynchronizer$ConditionObject.awaitNanos(AbstractQueuedSynchronizer.java:1672)
 java.base@17.0.4.1/java.util.concurrent.ScheduledThreadPoolExecutor$DelayedWorkQueue.take(ScheduledThreadPoolExecutor.java:1182)
 java.base@17.0.4.1/java.util.concurrent.ScheduledThreadPoolExecutor$DelayedWorkQueue.take(ScheduledThreadPoolExecutor.java:899)
 java.base@17.0.4.1/java.util.concurrent.ThreadPoolExecutor.getTask(ThreadPoolExecutor.java:1062)
 java.base@17.0.4.1/java.util.concurrent.ThreadPoolExecutor.runWorker(ThreadPoolExecutor.java:1122)
 java.base@17.0.4.1/java.util.concurrent.ThreadPoolExecutor$Worker.run(ThreadPoolExecutor.java:635)
 java.base@17.0.4.1/java.lang.Thread.run(Thread.java:833)
2022-12-08 15:19:16.336  INFO 20044 --- [Thread-7] j.LocalContainerEntityManagerFactoryBean : Closing JPA EntityManagerFactory for persistence unit 'default'
2022-12-08 15:19:16.338  INFO 20044 --- [Thread-7] com.zaxxer.hikari.HikariDataSource       : HikariPool-2 - Shutdown initiated...
2022-12-08 15:19:16.347  INFO 20044 --- [Thread-7] com.zaxxer.hikari.HikariDataSource       : HikariPool-2 - Shutdown completed.
2022-12-08 15:19:16.508  INFO 20044 --- [restartedMain] com.deloite.blog.BlogAppApisApplication  : Starting BlogAppApisApplication using Java 17.0.4.1 on USBLRSHIVNASHA1 with PID 20044 (C:\Users\shivnasharma\Desktop\Spring-project\blog-app-apis\target\classes started by shivnasharma in C:\Users\shivnasharma\Desktop\Spring-project\blog-app-apis)
2022-12-08 15:19:16.509  INFO 20044 --- [restartedMain] com.deloite.blog.BlogAppApisApplication  : The following 1 profile is active: "dev"
2022-12-08 15:19:17.171  INFO 20044 --- [restartedMain] .s.d.r.c.RepositoryConfigurationDelegate : Bootstrapping Spring Data JPA repositories in DEFAULT mode.
2022-12-08 15:19:17.212  INFO 20044 --- [restartedMain] .s.d.r.c.RepositoryConfigurationDelegate : Finished Spring Data repository scanning in 40 ms. Found 5 JPA repository interfaces.
2022-12-08 15:19:17.486  INFO 20044 --- [restartedMain] o.s.b.w.embedded.tomcat.TomcatWebServer  : Tomcat initialized with port(s): 9092 (http)
2022-12-08 15:19:17.487  INFO 20044 --- [restartedMain] o.apache.catalina.core.StandardService   : Starting service [Tomcat]
2022-12-08 15:19:17.488  INFO 20044 --- [restartedMain] org.apache.catalina.core.StandardEngine  : Starting Servlet engine: [Apache Tomcat/9.0.69]
2022-12-08 15:19:17.561  INFO 20044 --- [restartedMain] o.a.c.c.C.[Tomcat].[localhost].[/]       : Initializing Spring embedded WebApplicationContext
2022-12-08 15:19:17.562  INFO 20044 --- [restartedMain] w.s.c.ServletWebServerApplicationContext : Root WebApplicationContext: initialization completed in 1050 ms
2022-12-08 15:19:17.731  INFO 20044 --- [restartedMain] o.hibernate.jpa.internal.util.LogHelper  : HHH000204: Processing PersistenceUnitInfo [name: default]
2022-12-08 15:19:17.745  INFO 20044 --- [restartedMain] com.zaxxer.hikari.HikariDataSource       : HikariPool-3 - Starting...
2022-12-08 15:19:17.777  INFO 20044 --- [restartedMain] com.zaxxer.hikari.HikariDataSource       : HikariPool-3 - Start completed.
2022-12-08 15:19:17.778  INFO 20044 --- [restartedMain] org.hibernate.dialect.Dialect            : HHH000400: Using dialect: org.hibernate.dialect.MySQL8Dialect
2022-12-08 15:19:18.002  INFO 20044 --- [restartedMain] o.h.e.t.j.p.i.JtaPlatformInitiator       : HHH000490: Using JtaPlatform implementation: [org.hibernate.engine.transaction.jta.platform.internal.NoJtaPlatform]
2022-12-08 15:19:18.002  INFO 20044 --- [restartedMain] j.LocalContainerEntityManagerFactoryBean : Initialized JPA EntityManagerFactory for persistence unit 'default'
2022-12-08 15:19:18.412 DEBUG 20044 --- [restartedMain] .PrePostAnnotationSecurityMetadataSource : @org.springframework.security.access.prepost.PreAuthorize("hasRole(\'ADMIN\')") found on specific method: public org.springframework.http.ResponseEntity com.deloite.blog.controllers.UserController.deleteUser(java.lang.Integer)
2022-12-08 15:19:18.412 DEBUG 20044 --- [restartedMain] m.DelegatingMethodSecurityMetadataSource : Caching method [CacheKey[com.deloite.blog.controllers.UserController; public org.springframework.http.ResponseEntity com.deloite.blog.controllers.UserController.deleteUser(java.lang.Integer)]] with attributes [[authorize: 'hasRole('ADMIN')', filter: 'null', filterTarget: 'null']]
2022-12-08 15:19:18.609  WARN 20044 --- [restartedMain] JpaBaseConfiguration$JpaWebConfiguration : spring.jpa.open-in-view is enabled by default. Therefore, database queries may be performed during view rendering. Explicitly configure spring.jpa.open-in-view to disable this warning
2022-12-08 15:19:18.911  INFO 20044 --- [restartedMain] o.s.s.web.DefaultSecurityFilterChain     : Will secure any request with [org.springframework.security.web.session.DisableEncodeUrlFilter@4dab866a, org.springframework.security.web.context.request.async.WebAsyncManagerIntegrationFilter@7c91b419, org.springframework.security.web.context.SecurityContextPersistenceFilter@63c5e0ab, org.springframework.security.web.header.HeaderWriterFilter@5f8281b, org.springframework.security.web.authentication.logout.LogoutFilter@75089066, com.deloite.blog.security.JwtAuthenticationFilter@3f7ef13a, org.springframework.security.web.savedrequest.RequestCacheAwareFilter@5ec85c1e, org.springframework.security.web.servletapi.SecurityContextHolderAwareRequestFilter@1ab40f2c, org.springframework.security.web.authentication.AnonymousAuthenticationFilter@75f7f65c, org.springframework.security.web.session.SessionManagementFilter@2fd1885f, org.springframework.security.web.access.ExceptionTranslationFilter@2ef2785d, org.springframework.security.web.access.intercept.AuthorizationFilter@53cba501]
2022-12-08 15:19:19.040  INFO 20044 --- [restartedMain] o.s.b.d.a.OptionalLiveReloadServer       : LiveReload server is running on port 35729
2022-12-08 15:19:19.315  INFO 20044 --- [restartedMain] o.s.b.w.embedded.tomcat.TomcatWebServer  : Tomcat started on port(s): 9092 (http) with context path ''
2022-12-08 15:19:19.496  INFO 20044 --- [restartedMain] com.deloite.blog.BlogAppApisApplication  : Started BlogAppApisApplication in 3.054 seconds (JVM running for 229.243)
2022-12-08 15:19:19.699  INFO 20044 --- [restartedMain] .ConditionEvaluationDeltaLoggingListener : Condition evaluation unchanged
2022-12-08 15:19:32.739  INFO 20044 --- [http-nio-9092-exec-2] o.a.c.c.C.[Tomcat].[localhost].[/]       : Initializing Spring DispatcherServlet 'dispatcherServlet'
2022-12-08 15:19:32.740  INFO 20044 --- [http-nio-9092-exec-2] o.s.web.servlet.DispatcherServlet        : Initializing Servlet 'dispatcherServlet'
2022-12-08 15:19:32.743  INFO 20044 --- [http-nio-9092-exec-2] o.s.web.servlet.DispatcherServlet        : Completed initialization in 3 ms
2022-12-08 15:19:32.743 DEBUG 20044 --- [http-nio-9092-exec-2] o.s.security.web.FilterChainProxy        : Securing GET /api/users/
2022-12-08 15:19:32.743 DEBUG 20044 --- [http-nio-9092-exec-2] s.s.w.c.SecurityContextPersistenceFilter : Set SecurityContextHolder to empty SecurityContext
2022-12-08 15:19:32.744 DEBUG 20044 --- [http-nio-9092-exec-2] o.s.s.w.a.AnonymousAuthenticationFilter  : Set SecurityContextHolder to anonymous SecurityContext
2022-12-08 15:19:32.747 DEBUG 20044 --- [http-nio-9092-exec-2] o.s.security.web.FilterChainProxy        : Secured GET /api/users/
2022-12-08 15:19:32.756 ERROR 20044 --- [http-nio-9092-exec-2] c.d.blog.controllers.UserController      : Inside Error
2022-12-08 15:19:32.756  WARN 20044 --- [http-nio-9092-exec-2] c.d.blog.controllers.UserController      : Inside Warning
2022-12-08 15:19:32.756  INFO 20044 --- [http-nio-9092-exec-2] c.d.blog.controllers.UserController      : Get All Users
2022-12-08 15:19:32.809  INFO 20044 --- [http-nio-9092-exec-2] c.d.blog.controllers.UserController      : ResponseEntity=[UserDto(id=5, name=Mahesh kumar, email=mahesh@gmail.com, password=mahesh_1, about=I am tester, roles=[]), UserDto(id=6, name=Akhil, email=akhil@gmail.com, password=akhil_123, about=I am Programmer, roles=[]), UserDto(id=7, name=mohan, email=mohan@gmail.com, password=$2a$10$dR2bkxm7BbSiIufPZyplmOZNpWyncGGLnVTBqjKysUXES4Nd69f56, about=I am Programmer, roles=[]), UserDto(id=8, name=nikita, email=nikita@gmail.com, password=$2a$10$dR2bkxm7BbSiIufPZyplmOZNpWyncGGLnVTBqjKysUXES4Nd69f56, about=I am UI Designer, roles=[RoleDto(id=501, name=ROLE_ADMIN)]), UserDto(id=9, name=Manish, email=manish@gmail.com, password=mnsh@9876, about=I am Web Developer, roles=[]), UserDto(id=10, name=, email=madhav.in, password=, about=I am Web Developer, roles=[]), UserDto(id=11, name=, email=manish@gmail.com, password=, about=I am Web Developer, roles=[]), UserDto(id=12, name=, email=manish@gmail.com, password=, about=I am Web Developer, roles=[]), UserDto(id=13, name=, email=manish@gmail.com, password=, about=I am Web Developer, roles=[]), UserDto(id=14, name=, email=manish@gmail.com, password=, about=I am Web Developer, roles=[]), UserDto(id=17, name=, email=manish@gmai, password=, about=, roles=[]), UserDto(id=18, name=, email=manish@gmai, password=, about=, roles=[]), UserDto(id=19, name=, email=manish@gmai, password=, about=, roles=[]), UserDto(id=20, name=, email=manish@gmai, password=, about=, roles=[]), UserDto(id=21, name=sddd, email=manish@gmai, password=asak, about=ksdlkm, roles=[]), UserDto(id=22, name=sddd, email=manish@mai, password=asak, about=ksdlkm, roles=[]), UserDto(id=23, name=Hari, email=Hari@gmail.com, password=hari@3456, about=I am not Coder, roles=[]), UserDto(id=24, name=Krishna, email=krishna@yahoo.com, password=$2a$10$FTttTM4RARbvP2YQ9lu6JOWDvJQbltcjH2/xOB.CiHuw6xfD/I8K6, about=i am new developer, roles=[]), UserDto(id=25, name=Krishna, email=krishna@yahoo.com, password=$2a$10$7dYjuIyw.q3iaNOxy8EhjuHMPcstyR02GAJ.sJ2s5b67kJnbptcMq, about=i am new developer, roles=[])]
2022-12-08 15:19:32.821 DEBUG 20044 --- [http-nio-9092-exec-2] s.s.w.c.SecurityContextPersistenceFilter : Cleared SecurityContextHolder to complete request
2022-12-08 15:20:12.336  INFO 20044 --- [File Watcher] rtingClassPathChangeChangedEventListener : Restarting due to 1 class path change (0 additions, 0 deletions, 1 modification)
2022-12-08 15:20:12.373  INFO 20044 --- [Thread-11] o.apache.catalina.core.StandardService   : Stopping service [Tomcat]
2022-12-08 15:20:12.374  INFO 20044 --- [Thread-11] o.a.c.c.C.[Tomcat].[localhost].[/]       : Destroying Spring FrameworkServlet 'dispatcherServlet'
2022-12-08 15:20:12.377  WARN 20044 --- [Thread-11] o.a.c.loader.WebappClassLoaderBase       : The web application [ROOT] appears to have started a thread named [HikariPool-3 housekeeper] but has failed to stop it. This is very likely to create a memory leak. Stack trace of thread:
 java.base@17.0.4.1/jdk.internal.misc.Unsafe.park(Native Method)
 java.base@17.0.4.1/java.util.concurrent.locks.LockSupport.parkNanos(LockSupport.java:252)
 java.base@17.0.4.1/java.util.concurrent.locks.AbstractQueuedSynchronizer$ConditionObject.awaitNanos(AbstractQueuedSynchronizer.java:1672)
 java.base@17.0.4.1/java.util.concurrent.ScheduledThreadPoolExecutor$DelayedWorkQueue.take(ScheduledThreadPoolExecutor.java:1182)
 java.base@17.0.4.1/java.util.concurrent.ScheduledThreadPoolExecutor$DelayedWorkQueue.take(ScheduledThreadPoolExecutor.java:899)
 java.base@17.0.4.1/java.util.concurrent.ThreadPoolExecutor.getTask(ThreadPoolExecutor.java:1062)
 java.base@17.0.4.1/java.util.concurrent.ThreadPoolExecutor.runWorker(ThreadPoolExecutor.java:1122)
 java.base@17.0.4.1/java.util.concurrent.ThreadPoolExecutor$Worker.run(ThreadPoolExecutor.java:635)
 java.base@17.0.4.1/java.lang.Thread.run(Thread.java:833)
2022-12-08 15:20:12.388  INFO 20044 --- [Thread-11] j.LocalContainerEntityManagerFactoryBean : Closing JPA EntityManagerFactory for persistence unit 'default'
2022-12-08 15:20:12.389  INFO 20044 --- [Thread-11] com.zaxxer.hikari.HikariDataSource       : HikariPool-3 - Shutdown initiated...
2022-12-08 15:20:12.402  INFO 20044 --- [Thread-11] com.zaxxer.hikari.HikariDataSource       : HikariPool-3 - Shutdown completed.
2022-12-08 15:20:12.561  INFO 20044 --- [restartedMain] com.deloite.blog.BlogAppApisApplication  : Starting BlogAppApisApplication using Java 17.0.4.1 on USBLRSHIVNASHA1 with PID 20044 (C:\Users\shivnasharma\Desktop\Spring-project\blog-app-apis\target\classes started by shivnasharma in C:\Users\shivnasharma\Desktop\Spring-project\blog-app-apis)
2022-12-08 15:20:12.562  INFO 20044 --- [restartedMain] com.deloite.blog.BlogAppApisApplication  : The following 1 profile is active: "dev"
2022-12-08 15:20:12.925  INFO 20044 --- [restartedMain] .s.d.r.c.RepositoryConfigurationDelegate : Bootstrapping Spring Data JPA repositories in DEFAULT mode.
2022-12-08 15:20:12.991  INFO 20044 --- [restartedMain] .s.d.r.c.RepositoryConfigurationDelegate : Finished Spring Data repository scanning in 64 ms. Found 5 JPA repository interfaces.
2022-12-08 15:20:13.265  INFO 20044 --- [restartedMain] o.s.b.w.embedded.tomcat.TomcatWebServer  : Tomcat initialized with port(s): 9092 (http)
2022-12-08 15:20:13.266  INFO 20044 --- [restartedMain] o.apache.catalina.core.StandardService   : Starting service [Tomcat]
2022-12-08 15:20:13.266  INFO 20044 --- [restartedMain] org.apache.catalina.core.StandardEngine  : Starting Servlet engine: [Apache Tomcat/9.0.69]
2022-12-08 15:20:13.331  INFO 20044 --- [restartedMain] o.a.c.c.C.[Tomcat].[localhost].[/]       : Initializing Spring embedded WebApplicationContext
2022-12-08 15:20:13.331  INFO 20044 --- [restartedMain] w.s.c.ServletWebServerApplicationContext : Root WebApplicationContext: initialization completed in 765 ms
2022-12-08 15:20:13.425  INFO 20044 --- [restartedMain] o.hibernate.jpa.internal.util.LogHelper  : HHH000204: Processing PersistenceUnitInfo [name: default]
2022-12-08 15:20:13.432  INFO 20044 --- [restartedMain] com.zaxxer.hikari.HikariDataSource       : HikariPool-4 - Starting...
2022-12-08 15:20:13.450  INFO 20044 --- [restartedMain] com.zaxxer.hikari.HikariDataSource       : HikariPool-4 - Start completed.
2022-12-08 15:20:13.452  INFO 20044 --- [restartedMain] org.hibernate.dialect.Dialect            : HHH000400: Using dialect: org.hibernate.dialect.MySQL8Dialect
2022-12-08 15:20:13.576  INFO 20044 --- [restartedMain] o.h.e.t.j.p.i.JtaPlatformInitiator       : HHH000490: Using JtaPlatform implementation: [org.hibernate.engine.transaction.jta.platform.internal.NoJtaPlatform]
2022-12-08 15:20:13.576  INFO 20044 --- [restartedMain] j.LocalContainerEntityManagerFactoryBean : Initialized JPA EntityManagerFactory for persistence unit 'default'
2022-12-08 15:20:14.107 DEBUG 20044 --- [restartedMain] .PrePostAnnotationSecurityMetadataSource : @org.springframework.security.access.prepost.PreAuthorize("hasRole(\'ADMIN\')") found on specific method: public org.springframework.http.ResponseEntity com.deloite.blog.controllers.UserController.deleteUser(java.lang.Integer)
2022-12-08 15:20:14.108 DEBUG 20044 --- [restartedMain] m.DelegatingMethodSecurityMetadataSource : Caching method [CacheKey[com.deloite.blog.controllers.UserController; public org.springframework.http.ResponseEntity com.deloite.blog.controllers.UserController.deleteUser(java.lang.Integer)]] with attributes [[authorize: 'hasRole('ADMIN')', filter: 'null', filterTarget: 'null']]
2022-12-08 15:20:14.272  WARN 20044 --- [restartedMain] JpaBaseConfiguration$JpaWebConfiguration : spring.jpa.open-in-view is enabled by default. Therefore, database queries may be performed during view rendering. Explicitly configure spring.jpa.open-in-view to disable this warning
2022-12-08 15:20:14.459  INFO 20044 --- [restartedMain] o.s.s.web.DefaultSecurityFilterChain     : Will secure any request with [org.springframework.security.web.session.DisableEncodeUrlFilter@45e79128, org.springframework.security.web.context.request.async.WebAsyncManagerIntegrationFilter@2e3632f7, org.springframework.security.web.context.SecurityContextPersistenceFilter@70afb35c, org.springframework.security.web.header.HeaderWriterFilter@6be4e2bf, org.springframework.security.web.authentication.logout.LogoutFilter@433501f2, com.deloite.blog.security.JwtAuthenticationFilter@71e98c48, org.springframework.security.web.savedrequest.RequestCacheAwareFilter@48151ce5, org.springframework.security.web.servletapi.SecurityContextHolderAwareRequestFilter@428ee42, org.springframework.security.web.authentication.AnonymousAuthenticationFilter@33f61d93, org.springframework.security.web.session.SessionManagementFilter@70174f14, org.springframework.security.web.access.ExceptionTranslationFilter@6edadb0f, org.springframework.security.web.access.intercept.AuthorizationFilter@60be6f8d]
2022-12-08 15:20:14.595  INFO 20044 --- [restartedMain] o.s.b.d.a.OptionalLiveReloadServer       : LiveReload server is running on port 35729
2022-12-08 15:20:14.986  INFO 20044 --- [restartedMain] o.s.b.w.embedded.tomcat.TomcatWebServer  : Tomcat started on port(s): 9092 (http) with context path ''
2022-12-08 15:20:15.132  INFO 20044 --- [restartedMain] com.deloite.blog.BlogAppApisApplication  : Started BlogAppApisApplication in 2.636 seconds (JVM running for 284.879)
2022-12-08 15:20:15.368  INFO 20044 --- [restartedMain] .ConditionEvaluationDeltaLoggingListener : Condition evaluation unchanged
2022-12-08 15:20:17.035  INFO 20044 --- [http-nio-9092-exec-2] o.a.c.c.C.[Tomcat].[localhost].[/]       : Initializing Spring DispatcherServlet 'dispatcherServlet'
2022-12-08 15:20:17.036  INFO 20044 --- [http-nio-9092-exec-2] o.s.web.servlet.DispatcherServlet        : Initializing Servlet 'dispatcherServlet'
2022-12-08 15:20:17.037  INFO 20044 --- [http-nio-9092-exec-2] o.s.web.servlet.DispatcherServlet        : Completed initialization in 1 ms
2022-12-08 15:20:17.038 DEBUG 20044 --- [http-nio-9092-exec-2] o.s.security.web.FilterChainProxy        : Securing GET /api/users/
2022-12-08 15:20:17.038 DEBUG 20044 --- [http-nio-9092-exec-2] s.s.w.c.SecurityContextPersistenceFilter : Set SecurityContextHolder to empty SecurityContext
2022-12-08 15:20:17.039 DEBUG 20044 --- [http-nio-9092-exec-2] o.s.s.w.a.AnonymousAuthenticationFilter  : Set SecurityContextHolder to anonymous SecurityContext
2022-12-08 15:20:17.040 DEBUG 20044 --- [http-nio-9092-exec-2] o.s.security.web.FilterChainProxy        : Secured GET /api/users/
2022-12-08 15:20:17.047 ERROR 20044 --- [http-nio-9092-exec-2] c.d.blog.controllers.UserController      : Inside Error
2022-12-08 15:20:17.048  WARN 20044 --- [http-nio-9092-exec-2] c.d.blog.controllers.UserController      : Inside Warning
2022-12-08 15:20:17.049  INFO 20044 --- [http-nio-9092-exec-2] c.d.blog.controllers.UserController      : Get All Users
2022-12-08 15:20:17.095  INFO 20044 --- [http-nio-9092-exec-2] c.d.blog.controllers.UserController      : ResponseEntity=[UserDto(id=5, name=Mahesh kumar, email=mahesh@gmail.com, password=mahesh_1, about=I am tester, roles=[]), UserDto(id=6, name=Akhil, email=akhil@gmail.com, password=akhil_123, about=I am Programmer, roles=[]), UserDto(id=7, name=mohan, email=mohan@gmail.com, password=$2a$10$dR2bkxm7BbSiIufPZyplmOZNpWyncGGLnVTBqjKysUXES4Nd69f56, about=I am Programmer, roles=[]), UserDto(id=8, name=nikita, email=nikita@gmail.com, password=$2a$10$dR2bkxm7BbSiIufPZyplmOZNpWyncGGLnVTBqjKysUXES4Nd69f56, about=I am UI Designer, roles=[RoleDto(id=501, name=ROLE_ADMIN)]), UserDto(id=9, name=Manish, email=manish@gmail.com, password=mnsh@9876, about=I am Web Developer, roles=[]), UserDto(id=10, name=, email=madhav.in, password=, about=I am Web Developer, roles=[]), UserDto(id=11, name=, email=manish@gmail.com, password=, about=I am Web Developer, roles=[]), UserDto(id=12, name=, email=manish@gmail.com, password=, about=I am Web Developer, roles=[]), UserDto(id=13, name=, email=manish@gmail.com, password=, about=I am Web Developer, roles=[]), UserDto(id=14, name=, email=manish@gmail.com, password=, about=I am Web Developer, roles=[]), UserDto(id=17, name=, email=manish@gmai, password=, about=, roles=[]), UserDto(id=18, name=, email=manish@gmai, password=, about=, roles=[]), UserDto(id=19, name=, email=manish@gmai, password=, about=, roles=[]), UserDto(id=20, name=, email=manish@gmai, password=, about=, roles=[]), UserDto(id=21, name=sddd, email=manish@gmai, password=asak, about=ksdlkm, roles=[]), UserDto(id=22, name=sddd, email=manish@mai, password=asak, about=ksdlkm, roles=[]), UserDto(id=23, name=Hari, email=Hari@gmail.com, password=hari@3456, about=I am not Coder, roles=[]), UserDto(id=24, name=Krishna, email=krishna@yahoo.com, password=$2a$10$FTttTM4RARbvP2YQ9lu6JOWDvJQbltcjH2/xOB.CiHuw6xfD/I8K6, about=i am new developer, roles=[]), UserDto(id=25, name=Krishna, email=krishna@yahoo.com, password=$2a$10$7dYjuIyw.q3iaNOxy8EhjuHMPcstyR02GAJ.sJ2s5b67kJnbptcMq, about=i am new developer, roles=[])]
2022-12-08 15:20:17.110 DEBUG 20044 --- [http-nio-9092-exec-2] s.s.w.c.SecurityContextPersistenceFilter : Cleared SecurityContextHolder to complete request
2022-12-08 15:21:17.543  INFO 20044 --- [File Watcher] rtingClassPathChangeChangedEventListener : Restarting due to 1 class path change (0 additions, 0 deletions, 1 modification)
2022-12-08 15:21:17.576  INFO 20044 --- [Thread-15] o.apache.catalina.core.StandardService   : Stopping service [Tomcat]
2022-12-08 15:21:17.577  INFO 20044 --- [Thread-15] o.a.c.c.C.[Tomcat].[localhost].[/]       : Destroying Spring FrameworkServlet 'dispatcherServlet'
2022-12-08 15:21:17.580  WARN 20044 --- [Thread-15] o.a.c.loader.WebappClassLoaderBase       : The web application [ROOT] appears to have started a thread named [HikariPool-4 housekeeper] but has failed to stop it. This is very likely to create a memory leak. Stack trace of thread:
 java.base@17.0.4.1/jdk.internal.misc.Unsafe.park(Native Method)
 java.base@17.0.4.1/java.util.concurrent.locks.LockSupport.parkNanos(LockSupport.java:252)
 java.base@17.0.4.1/java.util.concurrent.locks.AbstractQueuedSynchronizer$ConditionObject.awaitNanos(AbstractQueuedSynchronizer.java:1672)
 java.base@17.0.4.1/java.util.concurrent.ScheduledThreadPoolExecutor$DelayedWorkQueue.take(ScheduledThreadPoolExecutor.java:1182)
 java.base@17.0.4.1/java.util.concurrent.ScheduledThreadPoolExecutor$DelayedWorkQueue.take(ScheduledThreadPoolExecutor.java:899)
 java.base@17.0.4.1/java.util.concurrent.ThreadPoolExecutor.getTask(ThreadPoolExecutor.java:1062)
 java.base@17.0.4.1/java.util.concurrent.ThreadPoolExecutor.runWorker(ThreadPoolExecutor.java:1122)
 java.base@17.0.4.1/java.util.concurrent.ThreadPoolExecutor$Worker.run(ThreadPoolExecutor.java:635)
 java.base@17.0.4.1/java.lang.Thread.run(Thread.java:833)
2022-12-08 15:21:17.591  INFO 20044 --- [Thread-15] j.LocalContainerEntityManagerFactoryBean : Closing JPA EntityManagerFactory for persistence unit 'default'
2022-12-08 15:21:17.592  INFO 20044 --- [Thread-15] com.zaxxer.hikari.HikariDataSource       : HikariPool-4 - Shutdown initiated...
2022-12-08 15:21:17.607  INFO 20044 --- [Thread-15] com.zaxxer.hikari.HikariDataSource       : HikariPool-4 - Shutdown completed.
2022-12-08 15:21:17.723  INFO 20044 --- [restartedMain] com.deloite.blog.BlogAppApisApplication  : Starting BlogAppApisApplication using Java 17.0.4.1 on USBLRSHIVNASHA1 with PID 20044 (C:\Users\shivnasharma\Desktop\Spring-project\blog-app-apis\target\classes started by shivnasharma in C:\Users\shivnasharma\Desktop\Spring-project\blog-app-apis)
2022-12-08 15:21:17.723  INFO 20044 --- [restartedMain] com.deloite.blog.BlogAppApisApplication  : The following 1 profile is active: "dev"
2022-12-08 15:21:18.063  INFO 20044 --- [restartedMain] .s.d.r.c.RepositoryConfigurationDelegate : Bootstrapping Spring Data JPA repositories in DEFAULT mode.
2022-12-08 15:21:18.095  INFO 20044 --- [restartedMain] .s.d.r.c.RepositoryConfigurationDelegate : Finished Spring Data repository scanning in 31 ms. Found 5 JPA repository interfaces.
2022-12-08 15:21:18.350  INFO 20044 --- [restartedMain] o.s.b.w.embedded.tomcat.TomcatWebServer  : Tomcat initialized with port(s): 9092 (http)
2022-12-08 15:21:18.351  INFO 20044 --- [restartedMain] o.apache.catalina.core.StandardService   : Starting service [Tomcat]
2022-12-08 15:21:18.352  INFO 20044 --- [restartedMain] org.apache.catalina.core.StandardEngine  : Starting Servlet engine: [Apache Tomcat/9.0.69]
2022-12-08 15:21:18.423  INFO 20044 --- [restartedMain] o.a.c.c.C.[Tomcat].[localhost].[/]       : Initializing Spring embedded WebApplicationContext
2022-12-08 15:21:18.423  INFO 20044 --- [restartedMain] w.s.c.ServletWebServerApplicationContext : Root WebApplicationContext: initialization completed in 698 ms
2022-12-08 15:21:18.539  INFO 20044 --- [restartedMain] o.hibernate.jpa.internal.util.LogHelper  : HHH000204: Processing PersistenceUnitInfo [name: default]
2022-12-08 15:21:18.545  INFO 20044 --- [restartedMain] com.zaxxer.hikari.HikariDataSource       : HikariPool-5 - Starting...
2022-12-08 15:21:18.558  INFO 20044 --- [restartedMain] com.zaxxer.hikari.HikariDataSource       : HikariPool-5 - Start completed.
2022-12-08 15:21:18.559  INFO 20044 --- [restartedMain] org.hibernate.dialect.Dialect            : HHH000400: Using dialect: org.hibernate.dialect.MySQL8Dialect
2022-12-08 15:21:18.755  INFO 20044 --- [restartedMain] o.h.e.t.j.p.i.JtaPlatformInitiator       : HHH000490: Using JtaPlatform implementation: [org.hibernate.engine.transaction.jta.platform.internal.NoJtaPlatform]
2022-12-08 15:21:18.755  INFO 20044 --- [restartedMain] j.LocalContainerEntityManagerFactoryBean : Initialized JPA EntityManagerFactory for persistence unit 'default'
2022-12-08 15:21:19.403 DEBUG 20044 --- [restartedMain] .PrePostAnnotationSecurityMetadataSource : @org.springframework.security.access.prepost.PreAuthorize("hasRole(\'ADMIN\')") found on specific method: public org.springframework.http.ResponseEntity com.deloite.blog.controllers.UserController.deleteUser(java.lang.Integer)
2022-12-08 15:21:19.404 DEBUG 20044 --- [restartedMain] m.DelegatingMethodSecurityMetadataSource : Caching method [CacheKey[com.deloite.blog.controllers.UserController; public org.springframework.http.ResponseEntity com.deloite.blog.controllers.UserController.deleteUser(java.lang.Integer)]] with attributes [[authorize: 'hasRole('ADMIN')', filter: 'null', filterTarget: 'null']]
2022-12-08 15:21:19.514  WARN 20044 --- [restartedMain] JpaBaseConfiguration$JpaWebConfiguration : spring.jpa.open-in-view is enabled by default. Therefore, database queries may be performed during view rendering. Explicitly configure spring.jpa.open-in-view to disable this warning
2022-12-08 15:21:19.757  INFO 20044 --- [restartedMain] o.s.s.web.DefaultSecurityFilterChain     : Will secure any request with [org.springframework.security.web.session.DisableEncodeUrlFilter@31527cab, org.springframework.security.web.context.request.async.WebAsyncManagerIntegrationFilter@1973624c, org.springframework.security.web.context.SecurityContextPersistenceFilter@532598c6, org.springframework.security.web.header.HeaderWriterFilter@3a9e99ec, org.springframework.security.web.authentication.logout.LogoutFilter@3783e14c, com.deloite.blog.security.JwtAuthenticationFilter@2845c279, org.springframework.security.web.savedrequest.RequestCacheAwareFilter@e69051c, org.springframework.security.web.servletapi.SecurityContextHolderAwareRequestFilter@4076acc4, org.springframework.security.web.authentication.AnonymousAuthenticationFilter@4abe045c, org.springframework.security.web.session.SessionManagementFilter@910e1d, org.springframework.security.web.access.ExceptionTranslationFilter@7f2456a8, org.springframework.security.web.access.intercept.AuthorizationFilter@461d13d]
2022-12-08 15:21:19.824  INFO 20044 --- [restartedMain] o.s.b.d.a.OptionalLiveReloadServer       : LiveReload server is running on port 35729
2022-12-08 15:21:20.033  INFO 20044 --- [restartedMain] o.s.b.w.embedded.tomcat.TomcatWebServer  : Tomcat started on port(s): 9092 (http) with context path ''
2022-12-08 15:21:20.152  INFO 20044 --- [restartedMain] com.deloite.blog.BlogAppApisApplication  : Started BlogAppApisApplication in 2.478 seconds (JVM running for 349.9)
2022-12-08 15:21:20.268  INFO 20044 --- [restartedMain] .ConditionEvaluationDeltaLoggingListener : Condition evaluation unchanged
2022-12-08 15:21:26.795  INFO 20044 --- [http-nio-9092-exec-2] o.a.c.c.C.[Tomcat].[localhost].[/]       : Initializing Spring DispatcherServlet 'dispatcherServlet'
2022-12-08 15:21:26.796  INFO 20044 --- [http-nio-9092-exec-2] o.s.web.servlet.DispatcherServlet        : Initializing Servlet 'dispatcherServlet'
2022-12-08 15:21:26.801  INFO 20044 --- [http-nio-9092-exec-2] o.s.web.servlet.DispatcherServlet        : Completed initialization in 4 ms
2022-12-08 15:21:26.802 DEBUG 20044 --- [http-nio-9092-exec-2] o.s.security.web.FilterChainProxy        : Securing GET /api/users/
2022-12-08 15:21:26.802 DEBUG 20044 --- [http-nio-9092-exec-2] s.s.w.c.SecurityContextPersistenceFilter : Set SecurityContextHolder to empty SecurityContext
2022-12-08 15:21:26.803 DEBUG 20044 --- [http-nio-9092-exec-2] o.s.s.w.a.AnonymousAuthenticationFilter  : Set SecurityContextHolder to anonymous SecurityContext
2022-12-08 15:21:26.804 DEBUG 20044 --- [http-nio-9092-exec-2] o.s.security.web.FilterChainProxy        : Secured GET /api/users/
2022-12-08 15:21:26.811 ERROR 20044 --- [http-nio-9092-exec-2] c.d.blog.controllers.UserController      : Inside Error
2022-12-08 15:21:26.812  WARN 20044 --- [http-nio-9092-exec-2] c.d.blog.controllers.UserController      : Inside Warning
2022-12-08 15:21:26.812  INFO 20044 --- [http-nio-9092-exec-2] c.d.blog.controllers.UserController      : Get All Users
2022-12-08 15:21:26.887  INFO 20044 --- [http-nio-9092-exec-2] c.d.blog.controllers.UserController      : ResponseEntity=[UserDto(id=5, name=Mahesh kumar, email=mahesh@gmail.com, password=mahesh_1, about=I am tester, roles=[]), UserDto(id=6, name=Akhil, email=akhil@gmail.com, password=akhil_123, about=I am Programmer, roles=[]), UserDto(id=7, name=mohan, email=mohan@gmail.com, password=$2a$10$dR2bkxm7BbSiIufPZyplmOZNpWyncGGLnVTBqjKysUXES4Nd69f56, about=I am Programmer, roles=[]), UserDto(id=8, name=nikita, email=nikita@gmail.com, password=$2a$10$dR2bkxm7BbSiIufPZyplmOZNpWyncGGLnVTBqjKysUXES4Nd69f56, about=I am UI Designer, roles=[RoleDto(id=501, name=ROLE_ADMIN)]), UserDto(id=9, name=Manish, email=manish@gmail.com, password=mnsh@9876, about=I am Web Developer, roles=[]), UserDto(id=10, name=, email=madhav.in, password=, about=I am Web Developer, roles=[]), UserDto(id=11, name=, email=manish@gmail.com, password=, about=I am Web Developer, roles=[]), UserDto(id=12, name=, email=manish@gmail.com, password=, about=I am Web Developer, roles=[]), UserDto(id=13, name=, email=manish@gmail.com, password=, about=I am Web Developer, roles=[]), UserDto(id=14, name=, email=manish@gmail.com, password=, about=I am Web Developer, roles=[]), UserDto(id=17, name=, email=manish@gmai, password=, about=, roles=[]), UserDto(id=18, name=, email=manish@gmai, password=, about=, roles=[]), UserDto(id=19, name=, email=manish@gmai, password=, about=, roles=[]), UserDto(id=20, name=, email=manish@gmai, password=, about=, roles=[]), UserDto(id=21, name=sddd, email=manish@gmai, password=asak, about=ksdlkm, roles=[]), UserDto(id=22, name=sddd, email=manish@mai, password=asak, about=ksdlkm, roles=[]), UserDto(id=23, name=Hari, email=Hari@gmail.com, password=hari@3456, about=I am not Coder, roles=[]), UserDto(id=24, name=Krishna, email=krishna@yahoo.com, password=$2a$10$FTttTM4RARbvP2YQ9lu6JOWDvJQbltcjH2/xOB.CiHuw6xfD/I8K6, about=i am new developer, roles=[]), UserDto(id=25, name=Krishna, email=krishna@yahoo.com, password=$2a$10$7dYjuIyw.q3iaNOxy8EhjuHMPcstyR02GAJ.sJ2s5b67kJnbptcMq, about=i am new developer, roles=[])]
2022-12-08 15:21:26.911 DEBUG 20044 --- [http-nio-9092-exec-2] s.s.w.c.SecurityContextPersistenceFilter : Cleared SecurityContextHolder to complete request
2022-12-08 15:22:48.953  INFO 20044 --- [File Watcher] rtingClassPathChangeChangedEventListener : Restarting due to 1 class path change (0 additions, 0 deletions, 1 modification)
2022-12-08 15:22:48.968  INFO 20044 --- [Thread-19] o.apache.catalina.core.StandardService   : Stopping service [Tomcat]
2022-12-08 15:22:48.968  INFO 20044 --- [Thread-19] o.a.c.c.C.[Tomcat].[localhost].[/]       : Destroying Spring FrameworkServlet 'dispatcherServlet'
2022-12-08 15:22:48.972  WARN 20044 --- [Thread-19] o.a.c.loader.WebappClassLoaderBase       : The web application [ROOT] appears to have started a thread named [HikariPool-5 housekeeper] but has failed to stop it. This is very likely to create a memory leak. Stack trace of thread:
 java.base@17.0.4.1/jdk.internal.misc.Unsafe.park(Native Method)
 java.base@17.0.4.1/java.util.concurrent.locks.LockSupport.parkNanos(LockSupport.java:252)
 java.base@17.0.4.1/java.util.concurrent.locks.AbstractQueuedSynchronizer$ConditionObject.awaitNanos(AbstractQueuedSynchronizer.java:1672)
 java.base@17.0.4.1/java.util.concurrent.ScheduledThreadPoolExecutor$DelayedWorkQueue.take(ScheduledThreadPoolExecutor.java:1182)
 java.base@17.0.4.1/java.util.concurrent.ScheduledThreadPoolExecutor$DelayedWorkQueue.take(ScheduledThreadPoolExecutor.java:899)
 java.base@17.0.4.1/java.util.concurrent.ThreadPoolExecutor.getTask(ThreadPoolExecutor.java:1062)
 java.base@17.0.4.1/java.util.concurrent.ThreadPoolExecutor.runWorker(ThreadPoolExecutor.java:1122)
 java.base@17.0.4.1/java.util.concurrent.ThreadPoolExecutor$Worker.run(ThreadPoolExecutor.java:635)
 java.base@17.0.4.1/java.lang.Thread.run(Thread.java:833)
2022-12-08 15:22:48.975  INFO 20044 --- [Thread-19] j.LocalContainerEntityManagerFactoryBean : Closing JPA EntityManagerFactory for persistence unit 'default'
2022-12-08 15:22:48.975  INFO 20044 --- [Thread-19] com.zaxxer.hikari.HikariDataSource       : HikariPool-5 - Shutdown initiated...
2022-12-08 15:22:48.982  INFO 20044 --- [Thread-19] com.zaxxer.hikari.HikariDataSource       : HikariPool-5 - Shutdown completed.
2022-12-08 15:22:49.076  INFO 20044 --- [restartedMain] com.deloite.blog.BlogAppApisApplication  : Starting BlogAppApisApplication using Java 17.0.4.1 on USBLRSHIVNASHA1 with PID 20044 (C:\Users\shivnasharma\Desktop\Spring-project\blog-app-apis\target\classes started by shivnasharma in C:\Users\shivnasharma\Desktop\Spring-project\blog-app-apis)
2022-12-08 15:22:49.076  INFO 20044 --- [restartedMain] com.deloite.blog.BlogAppApisApplication  : The following 1 profile is active: "dev"
2022-12-08 15:22:49.456  INFO 20044 --- [restartedMain] .s.d.r.c.RepositoryConfigurationDelegate : Bootstrapping Spring Data JPA repositories in DEFAULT mode.
2022-12-08 15:22:49.533  INFO 20044 --- [restartedMain] .s.d.r.c.RepositoryConfigurationDelegate : Finished Spring Data repository scanning in 75 ms. Found 5 JPA repository interfaces.
2022-12-08 15:22:49.793  INFO 20044 --- [restartedMain] o.s.b.w.embedded.tomcat.TomcatWebServer  : Tomcat initialized with port(s): 9092 (http)
2022-12-08 15:22:49.794  INFO 20044 --- [restartedMain] o.apache.catalina.core.StandardService   : Starting service [Tomcat]
2022-12-08 15:22:49.794  INFO 20044 --- [restartedMain] org.apache.catalina.core.StandardEngine  : Starting Servlet engine: [Apache Tomcat/9.0.69]
2022-12-08 15:22:49.859  INFO 20044 --- [restartedMain] o.a.c.c.C.[Tomcat].[localhost].[/]       : Initializing Spring embedded WebApplicationContext
2022-12-08 15:22:49.859  INFO 20044 --- [restartedMain] w.s.c.ServletWebServerApplicationContext : Root WebApplicationContext: initialization completed in 781 ms
2022-12-08 15:22:50.007  INFO 20044 --- [restartedMain] o.hibernate.jpa.internal.util.LogHelper  : HHH000204: Processing PersistenceUnitInfo [name: default]
2022-12-08 15:22:50.022  INFO 20044 --- [restartedMain] com.zaxxer.hikari.HikariDataSource       : HikariPool-6 - Starting...
2022-12-08 15:22:50.046  INFO 20044 --- [restartedMain] com.zaxxer.hikari.HikariDataSource       : HikariPool-6 - Start completed.
2022-12-08 15:22:50.047  INFO 20044 --- [restartedMain] org.hibernate.dialect.Dialect            : HHH000400: Using dialect: org.hibernate.dialect.MySQL8Dialect
2022-12-08 15:22:50.162  INFO 20044 --- [restartedMain] o.h.e.t.j.p.i.JtaPlatformInitiator       : HHH000490: Using JtaPlatform implementation: [org.hibernate.engine.transaction.jta.platform.internal.NoJtaPlatform]
2022-12-08 15:22:50.163  INFO 20044 --- [restartedMain] j.LocalContainerEntityManagerFactoryBean : Initialized JPA EntityManagerFactory for persistence unit 'default'
2022-12-08 15:22:50.741 DEBUG 20044 --- [restartedMain] .PrePostAnnotationSecurityMetadataSource : @org.springframework.security.access.prepost.PreAuthorize("hasRole(\'ADMIN\')") found on specific method: public org.springframework.http.ResponseEntity com.deloite.blog.controllers.UserController.deleteUser(java.lang.Integer)
2022-12-08 15:22:50.742 DEBUG 20044 --- [restartedMain] m.DelegatingMethodSecurityMetadataSource : Caching method [CacheKey[com.deloite.blog.controllers.UserController; public org.springframework.http.ResponseEntity com.deloite.blog.controllers.UserController.deleteUser(java.lang.Integer)]] with attributes [[authorize: 'hasRole('ADMIN')', filter: 'null', filterTarget: 'null']]
2022-12-08 15:22:50.920  WARN 20044 --- [restartedMain] JpaBaseConfiguration$JpaWebConfiguration : spring.jpa.open-in-view is enabled by default. Therefore, database queries may be performed during view rendering. Explicitly configure spring.jpa.open-in-view to disable this warning
2022-12-08 15:22:51.148  INFO 20044 --- [restartedMain] o.s.s.web.DefaultSecurityFilterChain     : Will secure any request with [org.springframework.security.web.session.DisableEncodeUrlFilter@163f3b6e, org.springframework.security.web.context.request.async.WebAsyncManagerIntegrationFilter@3a6185ee, org.springframework.security.web.context.SecurityContextPersistenceFilter@1243f0, org.springframework.security.web.header.HeaderWriterFilter@f2a9c7f, org.springframework.security.web.authentication.logout.LogoutFilter@18468689, com.deloite.blog.security.JwtAuthenticationFilter@699b72f0, org.springframework.security.web.savedrequest.RequestCacheAwareFilter@1b6c0020, org.springframework.security.web.servletapi.SecurityContextHolderAwareRequestFilter@40febe56, org.springframework.security.web.authentication.AnonymousAuthenticationFilter@5e90f7e3, org.springframework.security.web.session.SessionManagementFilter@28fc523a, org.springframework.security.web.access.ExceptionTranslationFilter@bd216e4, org.springframework.security.web.access.intercept.AuthorizationFilter@56e9f683]
2022-12-08 15:22:51.275  INFO 20044 --- [restartedMain] o.s.b.d.a.OptionalLiveReloadServer       : LiveReload server is running on port 35729
2022-12-08 15:22:51.455  INFO 20044 --- [restartedMain] o.s.b.w.embedded.tomcat.TomcatWebServer  : Tomcat started on port(s): 9092 (http) with context path ''
2022-12-08 15:22:51.569  INFO 20044 --- [restartedMain] com.deloite.blog.BlogAppApisApplication  : Started BlogAppApisApplication in 2.527 seconds (JVM running for 441.318)
2022-12-08 15:22:51.798  INFO 20044 --- [restartedMain] .ConditionEvaluationDeltaLoggingListener : Condition evaluation unchanged
2022-12-08 15:22:57.139  INFO 20044 --- [http-nio-9092-exec-3] o.a.c.c.C.[Tomcat].[localhost].[/]       : Initializing Spring DispatcherServlet 'dispatcherServlet'
2022-12-08 15:22:57.140  INFO 20044 --- [http-nio-9092-exec-3] o.s.web.servlet.DispatcherServlet        : Initializing Servlet 'dispatcherServlet'
2022-12-08 15:22:57.143  INFO 20044 --- [http-nio-9092-exec-3] o.s.web.servlet.DispatcherServlet        : Completed initialization in 3 ms
2022-12-08 15:22:57.144 DEBUG 20044 --- [http-nio-9092-exec-3] o.s.security.web.FilterChainProxy        : Securing GET /api/users/9
2022-12-08 15:22:57.144 DEBUG 20044 --- [http-nio-9092-exec-3] s.s.w.c.SecurityContextPersistenceFilter : Set SecurityContextHolder to empty SecurityContext
2022-12-08 15:22:57.145 DEBUG 20044 --- [http-nio-9092-exec-3] o.s.s.w.a.AnonymousAuthenticationFilter  : Set SecurityContextHolder to anonymous SecurityContext
2022-12-08 15:22:57.146 DEBUG 20044 --- [http-nio-9092-exec-3] o.s.security.web.FilterChainProxy        : Secured GET /api/users/9
2022-12-08 15:22:57.177  INFO 20044 --- [http-nio-9092-exec-3] c.d.blog.controllers.UserController      :  Getting User for userId = 9
2022-12-08 15:22:57.189  INFO 20044 --- [http-nio-9092-exec-3] c.d.blog.controllers.UserController      : ResponseEntity =UserDto(id=9, name=Manish, email=manish@gmail.com, password=mnsh@9876, about=I am Web Developer, roles=[])
2022-12-08 15:22:57.198  INFO 20044 --- [http-nio-9092-exec-3] tConfig$$EnhancerBySpringCGLIB$$6cc554f1 : Response=<200 OK OK,UserDto(id=9, name=Manish, email=manish@gmail.com, password=mnsh@9876, about=I am Web Developer, roles=[]),[]>
2022-12-08 15:22:57.209 DEBUG 20044 --- [http-nio-9092-exec-3] s.s.w.c.SecurityContextPersistenceFilter : Cleared SecurityContextHolder to complete request
2022-12-08 15:24:00.351  INFO 20044 --- [File Watcher] rtingClassPathChangeChangedEventListener : Restarting due to 1 class path change (0 additions, 0 deletions, 1 modification)
2022-12-08 15:24:00.382  INFO 20044 --- [Thread-23] o.apache.catalina.core.StandardService   : Stopping service [Tomcat]
2022-12-08 15:24:00.384  INFO 20044 --- [Thread-23] o.a.c.c.C.[Tomcat].[localhost].[/]       : Destroying Spring FrameworkServlet 'dispatcherServlet'
2022-12-08 15:24:00.387  WARN 20044 --- [Thread-23] o.a.c.loader.WebappClassLoaderBase       : The web application [ROOT] appears to have started a thread named [HikariPool-6 housekeeper] but has failed to stop it. This is very likely to create a memory leak. Stack trace of thread:
 java.base@17.0.4.1/jdk.internal.misc.Unsafe.park(Native Method)
 java.base@17.0.4.1/java.util.concurrent.locks.LockSupport.parkNanos(LockSupport.java:252)
 java.base@17.0.4.1/java.util.concurrent.locks.AbstractQueuedSynchronizer$ConditionObject.awaitNanos(AbstractQueuedSynchronizer.java:1672)
 java.base@17.0.4.1/java.util.concurrent.ScheduledThreadPoolExecutor$DelayedWorkQueue.take(ScheduledThreadPoolExecutor.java:1182)
 java.base@17.0.4.1/java.util.concurrent.ScheduledThreadPoolExecutor$DelayedWorkQueue.take(ScheduledThreadPoolExecutor.java:899)
 java.base@17.0.4.1/java.util.concurrent.ThreadPoolExecutor.getTask(ThreadPoolExecutor.java:1062)
 java.base@17.0.4.1/java.util.concurrent.ThreadPoolExecutor.runWorker(ThreadPoolExecutor.java:1122)
 java.base@17.0.4.1/java.util.concurrent.ThreadPoolExecutor$Worker.run(ThreadPoolExecutor.java:635)
 java.base@17.0.4.1/java.lang.Thread.run(Thread.java:833)
2022-12-08 15:24:00.393  INFO 20044 --- [Thread-23] j.LocalContainerEntityManagerFactoryBean : Closing JPA EntityManagerFactory for persistence unit 'default'
2022-12-08 15:24:00.394  INFO 20044 --- [Thread-23] com.zaxxer.hikari.HikariDataSource       : HikariPool-6 - Shutdown initiated...
2022-12-08 15:24:00.400  INFO 20044 --- [Thread-23] com.zaxxer.hikari.HikariDataSource       : HikariPool-6 - Shutdown completed.
2022-12-08 15:24:00.484  INFO 20044 --- [restartedMain] com.deloite.blog.BlogAppApisApplication  : Starting BlogAppApisApplication using Java 17.0.4.1 on USBLRSHIVNASHA1 with PID 20044 (C:\Users\shivnasharma\Desktop\Spring-project\blog-app-apis\target\classes started by shivnasharma in C:\Users\shivnasharma\Desktop\Spring-project\blog-app-apis)
2022-12-08 15:24:00.485  INFO 20044 --- [restartedMain] com.deloite.blog.BlogAppApisApplication  : The following 1 profile is active: "dev"
2022-12-08 15:24:00.875  INFO 20044 --- [restartedMain] .s.d.r.c.RepositoryConfigurationDelegate : Bootstrapping Spring Data JPA repositories in DEFAULT mode.
2022-12-08 15:24:00.940  INFO 20044 --- [restartedMain] .s.d.r.c.RepositoryConfigurationDelegate : Finished Spring Data repository scanning in 64 ms. Found 5 JPA repository interfaces.
2022-12-08 15:24:01.192  INFO 20044 --- [restartedMain] o.s.b.w.embedded.tomcat.TomcatWebServer  : Tomcat initialized with port(s): 9092 (http)
2022-12-08 15:24:01.194  INFO 20044 --- [restartedMain] o.apache.catalina.core.StandardService   : Starting service [Tomcat]
2022-12-08 15:24:01.195  INFO 20044 --- [restartedMain] org.apache.catalina.core.StandardEngine  : Starting Servlet engine: [Apache Tomcat/9.0.69]
2022-12-08 15:24:01.253  INFO 20044 --- [restartedMain] o.a.c.c.C.[Tomcat].[localhost].[/]       : Initializing Spring embedded WebApplicationContext
2022-12-08 15:24:01.253  INFO 20044 --- [restartedMain] w.s.c.ServletWebServerApplicationContext : Root WebApplicationContext: initialization completed in 765 ms
2022-12-08 15:24:01.314  INFO 20044 --- [restartedMain] o.hibernate.jpa.internal.util.LogHelper  : HHH000204: Processing PersistenceUnitInfo [name: default]
2022-12-08 15:24:01.320  INFO 20044 --- [restartedMain] com.zaxxer.hikari.HikariDataSource       : HikariPool-7 - Starting...
2022-12-08 15:24:01.346  INFO 20044 --- [restartedMain] com.zaxxer.hikari.HikariDataSource       : HikariPool-7 - Start completed.
2022-12-08 15:24:01.347  INFO 20044 --- [restartedMain] org.hibernate.dialect.Dialect            : HHH000400: Using dialect: org.hibernate.dialect.MySQL8Dialect
2022-12-08 15:24:01.514  INFO 20044 --- [restartedMain] o.h.e.t.j.p.i.JtaPlatformInitiator       : HHH000490: Using JtaPlatform implementation: [org.hibernate.engine.transaction.jta.platform.internal.NoJtaPlatform]
2022-12-08 15:24:01.515  INFO 20044 --- [restartedMain] j.LocalContainerEntityManagerFactoryBean : Initialized JPA EntityManagerFactory for persistence unit 'default'
2022-12-08 15:24:02.095 DEBUG 20044 --- [restartedMain] .PrePostAnnotationSecurityMetadataSource : @org.springframework.security.access.prepost.PreAuthorize("hasRole(\'ADMIN\')") found on specific method: public org.springframework.http.ResponseEntity com.deloite.blog.controllers.UserController.deleteUser(java.lang.Integer)
2022-12-08 15:24:02.095 DEBUG 20044 --- [restartedMain] m.DelegatingMethodSecurityMetadataSource : Caching method [CacheKey[com.deloite.blog.controllers.UserController; public org.springframework.http.ResponseEntity com.deloite.blog.controllers.UserController.deleteUser(java.lang.Integer)]] with attributes [[authorize: 'hasRole('ADMIN')', filter: 'null', filterTarget: 'null']]
2022-12-08 15:24:02.179  WARN 20044 --- [restartedMain] JpaBaseConfiguration$JpaWebConfiguration : spring.jpa.open-in-view is enabled by default. Therefore, database queries may be performed during view rendering. Explicitly configure spring.jpa.open-in-view to disable this warning
2022-12-08 15:24:02.304  INFO 20044 --- [restartedMain] o.s.s.web.DefaultSecurityFilterChain     : Will secure any request with [org.springframework.security.web.session.DisableEncodeUrlFilter@2cc5b1c5, org.springframework.security.web.context.request.async.WebAsyncManagerIntegrationFilter@4bcc73cd, org.springframework.security.web.context.SecurityContextPersistenceFilter@66cfe247, org.springframework.security.web.header.HeaderWriterFilter@11ff2fff, org.springframework.security.web.authentication.logout.LogoutFilter@58e7f129, com.deloite.blog.security.JwtAuthenticationFilter@71cd14c7, org.springframework.security.web.savedrequest.RequestCacheAwareFilter@50798550, org.springframework.security.web.servletapi.SecurityContextHolderAwareRequestFilter@3891d877, org.springframework.security.web.authentication.AnonymousAuthenticationFilter@4a068d78, org.springframework.security.web.session.SessionManagementFilter@21db021f, org.springframework.security.web.access.ExceptionTranslationFilter@589dd3b5, org.springframework.security.web.access.intercept.AuthorizationFilter@72cc86f2]
2022-12-08 15:24:02.392  INFO 20044 --- [restartedMain] o.s.b.d.a.OptionalLiveReloadServer       : LiveReload server is running on port 35729
2022-12-08 15:24:02.637  INFO 20044 --- [restartedMain] o.s.b.w.embedded.tomcat.TomcatWebServer  : Tomcat started on port(s): 9092 (http) with context path ''
2022-12-08 15:24:02.757  INFO 20044 --- [restartedMain] com.deloite.blog.BlogAppApisApplication  : Started BlogAppApisApplication in 2.304 seconds (JVM running for 512.505)
2022-12-08 15:24:02.869  INFO 20044 --- [restartedMain] .ConditionEvaluationDeltaLoggingListener : Condition evaluation unchanged
2022-12-08 15:37:22.713  INFO 20044 --- [RMI TCP Connection(26)-127.0.0.1] inMXBeanRegistrar$SpringApplicationAdmin : Application shutdown requested.
2022-12-08 15:37:22.745  INFO 20044 --- [RMI TCP Connection(26)-127.0.0.1] o.apache.catalina.core.StandardService   : Stopping service [Tomcat]
2022-12-08 15:37:22.750  WARN 20044 --- [RMI TCP Connection(26)-127.0.0.1] o.a.c.loader.WebappClassLoaderBase       : The web application [ROOT] appears to have started a thread named [HikariPool-7 housekeeper] but has failed to stop it. This is very likely to create a memory leak. Stack trace of thread:
 java.base@17.0.4.1/jdk.internal.misc.Unsafe.park(Native Method)
 java.base@17.0.4.1/java.util.concurrent.locks.LockSupport.parkNanos(LockSupport.java:252)
 java.base@17.0.4.1/java.util.concurrent.locks.AbstractQueuedSynchronizer$ConditionObject.awaitNanos(AbstractQueuedSynchronizer.java:1672)
 java.base@17.0.4.1/java.util.concurrent.ScheduledThreadPoolExecutor$DelayedWorkQueue.take(ScheduledThreadPoolExecutor.java:1182)
 java.base@17.0.4.1/java.util.concurrent.ScheduledThreadPoolExecutor$DelayedWorkQueue.take(ScheduledThreadPoolExecutor.java:899)
 java.base@17.0.4.1/java.util.concurrent.ThreadPoolExecutor.getTask(ThreadPoolExecutor.java:1062)
 java.base@17.0.4.1/java.util.concurrent.ThreadPoolExecutor.runWorker(ThreadPoolExecutor.java:1122)
 java.base@17.0.4.1/java.util.concurrent.ThreadPoolExecutor$Worker.run(ThreadPoolExecutor.java:635)
 java.base@17.0.4.1/java.lang.Thread.run(Thread.java:833)
2022-12-08 15:37:22.759  INFO 20044 --- [RMI TCP Connection(26)-127.0.0.1] j.LocalContainerEntityManagerFactoryBean : Closing JPA EntityManagerFactory for persistence unit 'default'
2022-12-08 15:37:22.760  INFO 20044 --- [RMI TCP Connection(26)-127.0.0.1] com.zaxxer.hikari.HikariDataSource       : HikariPool-7 - Shutdown initiated...
2022-12-08 15:37:22.769  INFO 20044 --- [RMI TCP Connection(26)-127.0.0.1] com.zaxxer.hikari.HikariDataSource       : HikariPool-7 - Shutdown completed.
